

Token: "let", Tipo: Keyword, Linea: 3, Columna: 1

Token: "var", Tipo: Keyword, Linea: 4, Columna: 3
Token: "a", Tipo: Identifier, Linea: 4, Columna: 7
Token: ':', Tipo: DosPuntos, Linea: 4, Columna: 9
Token: "Integer", Tipo: Keyword, Linea: 4, Columna: 11
Token: ';', Tipo: PuntoYComa, Linea: 4, Columna: 18

Token: "var", Tipo: Keyword, Linea: 5, Columna: 3
Token: "b", Tipo: Identifier, Linea: 5, Columna: 7
Token: ':', Tipo: DosPuntos, Linea: 5, Columna: 9
Token: "Char", Tipo: Identifier, Linea: 5, Columna: 11

Token: "in", Tipo: Keyword, Linea: 6, Columna: 1

Token: "if", Tipo: Keyword, Linea: 7, Columna: 3
Token: "a", Tipo: Identifier, Linea: 7, Columna: 6
Token: "+", Tipo: Operator, Linea: 7, Columna: 8
Token: "5", Tipo: IntegerLiteral, Linea: 7, Columna: 10
Token: "then", Tipo: Keyword, Linea: 7, Columna: 12

Token: "putint", Tipo: Identifier, Linea: 8, Columna: 5
Token: '(', Tipo: ParenIzq, Linea: 8, Columna: 11
Token: "a", Tipo: Identifier, Linea: 8, Columna: 12
Token: ')', Tipo: ParenDer, Linea: 8, Columna: 13

Token: "else", Tipo: Keyword, Linea: 9, Columna: 3

Token: "put", Tipo: Identifier, Linea: 10, Columna: 5
Token: '(', Tipo: ParenIzq, Linea: 10, Columna: 8
Token: "b", Tipo: Identifier, Linea: 10, Columna: 9
Token: ')', Tipo: ParenDer, Linea: 10, Columna: 10




